<?xml version="1.0" encoding="utf-8"?>
<TestRun id="9c2b1896-e841-400e-81f6-a636575f85ee" name="@buma-HP-ProBook-450-G7 2025-07-28 08:02:38" xmlns="http://microsoft.com/schemas/VisualStudio/TeamTest/2010">
  <Times creation="2025-07-28T08:02:38.6046923+00:00" queuing="2025-07-28T08:02:38.6046923+00:00" start="2025-07-28T08:02:14.5387533+00:00" finish="2025-07-28T08:02:39.5780419+00:00" />
  <TestSettings name="default" id="c1806b2e-0027-4bfc-868d-cbe189955833">
    <Deployment runDeploymentRoot="_buma-HP-ProBook-450-G7_2025-07-28_08_02_38" />
  </TestSettings>
  <Results>
    <UnitTestResult executionId="53aaacbf-cd81-4246-adba-7291469c289d" testId="79bc7c58-1f54-0456-17fb-7642936e66d5" testName="AppLaunches" computerName="buma-HP-ProBook-450-G7" duration="00:00:00.1299250" startTime="2025-07-28T08:02:36.7961099+00:00" endTime="2025-07-28T08:02:36.9258982+00:00" testType="13cdc9d9-ddb5-4fa4-a97d-d965ccfc6d4b" outcome="Failed" testListId="8c84fa94-04c1-424b-9868-57a2d4851a1d" relativeResultsDirectory="53aaacbf-cd81-4246-adba-7291469c289d">
      <Output>
        <ErrorInfo>
          <Message>OpenQA.Selenium.WebDriverException : An unknown server-side error occurred while processing the command. Original error: 'GET /screenshot' cannot be proxied to UiAutomator2 server because the instrumentation process is not running (probably crashed). Check the server log and/or the logcat output for more details</Message>
          <StackTrace>   at OpenQA.Selenium.WebDriver.UnpackAndThrowOnError(Response errorResponse, String commandToExecute)
   at OpenQA.Selenium.WebDriver.Execute(String driverCommandToExecute, Dictionary`2 parameters)
   at OpenQA.Selenium.Appium.AppiumDriver.Execute(String driverCommandToExecute, Dictionary`2 parameters)
   at OpenQA.Selenium.WebDriver.GetScreenshot()
   at UITests.MainPageTests.AppLaunches() in /home/app/UITests.Shared/MainPageTests.cs:line 16
   at System.RuntimeMethodHandle.InvokeMethod(Object target, Void** arguments, Signature sig, Boolean isConstructor)
   at System.Reflection.MethodBaseInvoker.InvokeWithNoArgs(Object obj, BindingFlags invokeAttr)
</StackTrace>
        </ErrorInfo>
      </Output>
    </UnitTestResult>
    <UnitTestResult executionId="98082e34-f0cf-43d7-b307-f2034c83bccd" testId="98c8a5ed-0121-2314-75f5-ab9c00447c5e" testName="ClickCounterTest" computerName="buma-HP-ProBook-450-G7" duration="00:00:02.0967730" startTime="2025-07-28T08:02:36.9289338+00:00" endTime="2025-07-28T08:02:39.0257062+00:00" testType="13cdc9d9-ddb5-4fa4-a97d-d965ccfc6d4b" outcome="Failed" testListId="8c84fa94-04c1-424b-9868-57a2d4851a1d" relativeResultsDirectory="98082e34-f0cf-43d7-b307-f2034c83bccd">
      <Output>
        <StdOut>Recording saved to /home/app/output/20250728-0802.mp4</StdOut>
        <ErrorInfo>
          <Message>OpenQA.Selenium.WebDriverException : An unknown server-side error occurred while processing the command. Original error: 'GET /screenshot' cannot be proxied to UiAutomator2 server because the instrumentation process is not running (probably crashed). Check the server log and/or the logcat output for more details</Message>
          <StackTrace>   at OpenQA.Selenium.WebDriver.UnpackAndThrowOnError(Response errorResponse, String commandToExecute)
   at OpenQA.Selenium.WebDriver.Execute(String driverCommandToExecute, Dictionary`2 parameters)
   at OpenQA.Selenium.Appium.AppiumDriver.Execute(String driverCommandToExecute, Dictionary`2 parameters)
   at OpenQA.Selenium.WebDriver.GetScreenshot()
   at UITests.MainPageTests.ClickCounterTest() in /home/app/UITests.Shared/MainPageTests.cs:line 39
   at System.RuntimeMethodHandle.InvokeMethod(Object target, Void** arguments, Signature sig, Boolean isConstructor)
   at System.Reflection.MethodBaseInvoker.InvokeWithNoArgs(Object obj, BindingFlags invokeAttr)
</StackTrace>
        </ErrorInfo>
      </Output>
    </UnitTestResult>
    <UnitTestResult executionId="f137e81a-402f-45d9-8cca-a7e4a0d307d4" testId="ad37a166-c8e0-751a-41e6-86884be6f461" testName="SampleTest" computerName="buma-HP-ProBook-450-G7" duration="00:00:00.0079050" startTime="2025-07-28T08:02:39.0317424+00:00" endTime="2025-07-28T08:02:39.0396470+00:00" testType="13cdc9d9-ddb5-4fa4-a97d-d965ccfc6d4b" outcome="Failed" testListId="8c84fa94-04c1-424b-9868-57a2d4851a1d" relativeResultsDirectory="f137e81a-402f-45d9-8cca-a7e4a0d307d4">
      <Output>
        <ErrorInfo>
          <Message>OpenQA.Selenium.WebDriverException : An unknown server-side error occurred while processing the command. Original error: 'GET /screenshot' cannot be proxied to UiAutomator2 server because the instrumentation process is not running (probably crashed). Check the server log and/or the logcat output for more details</Message>
          <StackTrace>   at OpenQA.Selenium.WebDriver.UnpackAndThrowOnError(Response errorResponse, String commandToExecute)
   at OpenQA.Selenium.WebDriver.Execute(String driverCommandToExecute, Dictionary`2 parameters)
   at OpenQA.Selenium.Appium.AppiumDriver.Execute(String driverCommandToExecute, Dictionary`2 parameters)
   at OpenQA.Selenium.WebDriver.GetScreenshot()
   at UITests.PlatformSpecificSampleTest.SampleTest() in /home/app/UITests.Android/PlatformSpecificSampleTest.cs:line 10
   at System.RuntimeMethodHandle.InvokeMethod(Object target, Void** arguments, Signature sig, Boolean isConstructor)
   at System.Reflection.MethodBaseInvoker.InvokeWithNoArgs(Object obj, BindingFlags invokeAttr)
</StackTrace>
        </ErrorInfo>
      </Output>
    </UnitTestResult>
  </Results>
  <TestDefinitions>
    <UnitTest name="SampleTest" storage="/home/app/uitests.android/bin/debug/net9.0/uitests.android.dll" id="ad37a166-c8e0-751a-41e6-86884be6f461">
      <Execution id="f137e81a-402f-45d9-8cca-a7e4a0d307d4" />
      <TestMethod codeBase="/home/app/UITests.Android/bin/Debug/net9.0/UITests.Android.dll" adapterTypeName="executor://nunit3testexecutor/" className="UITests.PlatformSpecificSampleTest" name="SampleTest" />
    </UnitTest>
    <UnitTest name="ClickCounterTest" storage="/home/app/uitests.android/bin/debug/net9.0/uitests.android.dll" id="98c8a5ed-0121-2314-75f5-ab9c00447c5e">
      <Execution id="98082e34-f0cf-43d7-b307-f2034c83bccd" />
      <TestMethod codeBase="/home/app/UITests.Android/bin/Debug/net9.0/UITests.Android.dll" adapterTypeName="executor://nunit3testexecutor/" className="UITests.MainPageTests" name="ClickCounterTest" />
    </UnitTest>
    <UnitTest name="AppLaunches" storage="/home/app/uitests.android/bin/debug/net9.0/uitests.android.dll" id="79bc7c58-1f54-0456-17fb-7642936e66d5">
      <Execution id="53aaacbf-cd81-4246-adba-7291469c289d" />
      <TestMethod codeBase="/home/app/UITests.Android/bin/Debug/net9.0/UITests.Android.dll" adapterTypeName="executor://nunit3testexecutor/" className="UITests.MainPageTests" name="AppLaunches" />
    </UnitTest>
  </TestDefinitions>
  <TestEntries>
    <TestEntry testId="79bc7c58-1f54-0456-17fb-7642936e66d5" executionId="53aaacbf-cd81-4246-adba-7291469c289d" testListId="8c84fa94-04c1-424b-9868-57a2d4851a1d" />
    <TestEntry testId="98c8a5ed-0121-2314-75f5-ab9c00447c5e" executionId="98082e34-f0cf-43d7-b307-f2034c83bccd" testListId="8c84fa94-04c1-424b-9868-57a2d4851a1d" />
    <TestEntry testId="ad37a166-c8e0-751a-41e6-86884be6f461" executionId="f137e81a-402f-45d9-8cca-a7e4a0d307d4" testListId="8c84fa94-04c1-424b-9868-57a2d4851a1d" />
  </TestEntries>
  <TestLists>
    <TestList name="Results Not in a List" id="8c84fa94-04c1-424b-9868-57a2d4851a1d" />
    <TestList name="All Loaded Results" id="19431567-8539-422a-85d7-44ee4e166bda" />
  </TestLists>
  <ResultSummary outcome="Failed">
    <Counters total="3" executed="3" passed="0" failed="3" error="0" timeout="0" aborted="0" inconclusive="0" passedButRunAborted="0" notRunnable="0" notExecuted="0" disconnected="0" warning="0" completed="0" inProgress="0" pending="0" />
    <Output>
      <StdOut>NUnit Adapter 4.5.0.0: Test execution started
Running all tests in /home/app/UITests.Android/bin/Debug/net9.0/UITests.Android.dll
   NUnit3TestExecutor discovered 3 of 3 NUnit test cases using Current Discovery mode, Non-Explicit run
NUnit Adapter 4.5.0.0: Test execution complete
</StdOut>
    </Output>
    <RunInfos>
      <RunInfo computerName="buma-HP-ProBook-450-G7" outcome="Warning" timestamp="2025-07-28T08:02:39.0317692+00:00">
        <Text>Recording saved to /home/app/output/20250728-0802.mp4
</Text>
      </RunInfo>
    </RunInfos>
  </ResultSummary>
</TestRun>